<?xml version="1.0" encoding="UTF-8"?>
<!-- Generated by org.testng.reporters.JUnitXMLReporter -->
<testsuite hostname="EVT02093NB" ignored="0" name="Default test" tests="4" failures="0" timestamp="11 Kas 2021 12:34:53 GMT" time="1.959" errors="0">
  <testcase name="seeTheProductList" time="0.232" classname="guru.springframework.ProductsSeleniumWebDriverTest"/>
  <testcase name="trueProductInfo" time="0.215" classname="guru.springframework.ProductsSeleniumWebDriverTest"/>
  <testcase name="viewProduct" time="0.264" classname="guru.springframework.ProductsSeleniumWebDriverTest"/>
  <testcase name="editProductInfo" time="0.863" classname="guru.springframework.ProductsSeleniumWebDriverTest"/>
</testsuite> <!-- Default test -->
